Query result in fetch_searched_resources.php: Array
(
    [0] => Array
        (
            [resourceName] => javascript mi fa gli scherzi.jpg
            [name] => MOBILE
            [surname] => Saphi
            [filePath] => ../database-content/uploads/javascript mi fa gli scherzi.jpg
        )

    [1] => Array
        (
            [resourceName] => TheFirstTree_ending.png
            [name] => WEB
            [surname] => Bordeianu
            [filePath] => ../database-content/uploads/TheFirstTree_ending.png
        )

    [2] => Array
        (
            [resourceName] => TheFirstTree_Submission.png
            [name] => OOP
            [surname] => Bordeianu
            [filePath] => ../database-content/uploads/TheFirstTree_Submission.png
        )

    [3] => Array
        (
            [resourceName] => Troll-Face-Meme-PNG.webp
            [name] => MOBILE
            [surname] => Saphi
            [filePath] => ../database-content/uploads/Troll-Face-Meme-PNG.webp
        )

)

JSON format in fetch_searched_resources.php: [{"resourceName":"javascript mi fa gli scherzi.jpg","name":"MOBILE","surname":"Saphi","filePath":"..\/database-content\/uploads\/javascript mi fa gli scherzi.jpg"},{"resourceName":"TheFirstTree_ending.png","name":"WEB","surname":"Bordeianu","filePath":"..\/database-content\/uploads\/TheFirstTree_ending.png"},{"resourceName":"TheFirstTree_Submission.png","name":"OOP","surname":"Bordeianu","filePath":"..\/database-content\/uploads\/TheFirstTree_Submission.png"},{"resourceName":"Troll-Face-Meme-PNG.webp","name":"MOBILE","surname":"Saphi","filePath":"..\/database-content\/uploads\/Troll-Face-Meme-PNG.webp"}]
Query result in fetch_searched_resources.php: Array
(
    [0] => Array
        (
            [resourceName] => javascript mi fa gli scherzi.jpg
            [name] => MOBILE
            [surname] => Saphi
            [filePath] => ../database-content/uploads/javascript mi fa gli scherzi.jpg
        )

    [1] => Array
        (
            [resourceName] => TheFirstTree_ending.png
            [name] => WEB
            [surname] => Bordeianu
            [filePath] => ../database-content/uploads/TheFirstTree_ending.png
        )

    [2] => Array
        (
            [resourceName] => TheFirstTree_Submission.png
            [name] => OOP
            [surname] => Bordeianu
            [filePath] => ../database-content/uploads/TheFirstTree_Submission.png
        )

    [3] => Array
        (
            [resourceName] => Troll-Face-Meme-PNG.webp
            [name] => MOBILE
            [surname] => Saphi
            [filePath] => ../database-content/uploads/Troll-Face-Meme-PNG.webp
        )

)

JSON format in fetch_searched_resources.php: [{"resourceName":"javascript mi fa gli scherzi.jpg","name":"MOBILE","surname":"Saphi","filePath":"..\/database-content\/uploads\/javascript mi fa gli scherzi.jpg"},{"resourceName":"TheFirstTree_ending.png","name":"WEB","surname":"Bordeianu","filePath":"..\/database-content\/uploads\/TheFirstTree_ending.png"},{"resourceName":"TheFirstTree_Submission.png","name":"OOP","surname":"Bordeianu","filePath":"..\/database-content\/uploads\/TheFirstTree_Submission.png"},{"resourceName":"Troll-Face-Meme-PNG.webp","name":"MOBILE","surname":"Saphi","filePath":"..\/database-content\/uploads\/Troll-Face-Meme-PNG.webp"}]
Query result in fetch_searched_resources.php: Array
(
    [0] => Array
        (
            [resourceName] => javascript mi fa gli scherzi.jpg
            [name] => MOBILE
            [surname] => Saphi
            [filePath] => ../database-content/uploads/javascript mi fa gli scherzi.jpg
        )

    [1] => Array
        (
            [resourceName] => TheFirstTree_ending.png
            [name] => WEB
            [surname] => Bordeianu
            [filePath] => ../database-content/uploads/TheFirstTree_ending.png
        )

    [2] => Array
        (
            [resourceName] => TheFirstTree_Submission.png
            [name] => OOP
            [surname] => Bordeianu
            [filePath] => ../database-content/uploads/TheFirstTree_Submission.png
        )

    [3] => Array
        (
            [resourceName] => Troll-Face-Meme-PNG.webp
            [name] => MOBILE
            [surname] => Saphi
            [filePath] => ../database-content/uploads/Troll-Face-Meme-PNG.webp
        )

)

JSON format in fetch_searched_resources.php: [{"resourceName":"javascript mi fa gli scherzi.jpg","name":"MOBILE","surname":"Saphi","filePath":"..\/database-content\/uploads\/javascript mi fa gli scherzi.jpg"},{"resourceName":"TheFirstTree_ending.png","name":"WEB","surname":"Bordeianu","filePath":"..\/database-content\/uploads\/TheFirstTree_ending.png"},{"resourceName":"TheFirstTree_Submission.png","name":"OOP","surname":"Bordeianu","filePath":"..\/database-content\/uploads\/TheFirstTree_Submission.png"},{"resourceName":"Troll-Face-Meme-PNG.webp","name":"MOBILE","surname":"Saphi","filePath":"..\/database-content\/uploads\/Troll-Face-Meme-PNG.webp"}]
Query result in fetch_searched_resources.php: Array
(
    [0] => Array
        (
            [resourceName] => javascript mi fa gli scherzi.jpg
            [name] => MOBILE
            [surname] => Saphi
            [filePath] => ../database-content/uploads/javascript mi fa gli scherzi.jpg
        )

    [1] => Array
        (
            [resourceName] => TheFirstTree_ending.png
            [name] => WEB
            [surname] => Bordeianu
            [filePath] => ../database-content/uploads/TheFirstTree_ending.png
        )

    [2] => Array
        (
            [resourceName] => TheFirstTree_Submission.png
            [name] => OOP
            [surname] => Bordeianu
            [filePath] => ../database-content/uploads/TheFirstTree_Submission.png
        )

    [3] => Array
        (
            [resourceName] => Troll-Face-Meme-PNG.webp
            [name] => MOBILE
            [surname] => Saphi
            [filePath] => ../database-content/uploads/Troll-Face-Meme-PNG.webp
        )

)

JSON format in fetch_searched_resources.php: [{"resourceName":"javascript mi fa gli scherzi.jpg","name":"MOBILE","surname":"Saphi","filePath":"..\/database-content\/uploads\/javascript mi fa gli scherzi.jpg"},{"resourceName":"TheFirstTree_ending.png","name":"WEB","surname":"Bordeianu","filePath":"..\/database-content\/uploads\/TheFirstTree_ending.png"},{"resourceName":"TheFirstTree_Submission.png","name":"OOP","surname":"Bordeianu","filePath":"..\/database-content\/uploads\/TheFirstTree_Submission.png"},{"resourceName":"Troll-Face-Meme-PNG.webp","name":"MOBILE","surname":"Saphi","filePath":"..\/database-content\/uploads\/Troll-Face-Meme-PNG.webp"}]
Query result in fetch_searched_resources.php: Array
(
    [0] => Array
        (
            [resourceName] => javascript mi fa gli scherzi.jpg
            [name] => MOBILE
            [surname] => Saphi
            [filePath] => ../database-content/uploads/javascript mi fa gli scherzi.jpg
        )

    [1] => Array
        (
            [resourceName] => TheFirstTree_ending.png
            [name] => WEB
            [surname] => Bordeianu
            [filePath] => ../database-content/uploads/TheFirstTree_ending.png
        )

    [2] => Array
        (
            [resourceName] => TheFirstTree_Submission.png
            [name] => OOP
            [surname] => Bordeianu
            [filePath] => ../database-content/uploads/TheFirstTree_Submission.png
        )

    [3] => Array
        (
            [resourceName] => Troll-Face-Meme-PNG.webp
            [name] => MOBILE
            [surname] => Saphi
            [filePath] => ../database-content/uploads/Troll-Face-Meme-PNG.webp
        )

)

JSON format in fetch_searched_resources.php: [{"resourceName":"javascript mi fa gli scherzi.jpg","name":"MOBILE","surname":"Saphi","filePath":"..\/database-content\/uploads\/javascript mi fa gli scherzi.jpg"},{"resourceName":"TheFirstTree_ending.png","name":"WEB","surname":"Bordeianu","filePath":"..\/database-content\/uploads\/TheFirstTree_ending.png"},{"resourceName":"TheFirstTree_Submission.png","name":"OOP","surname":"Bordeianu","filePath":"..\/database-content\/uploads\/TheFirstTree_Submission.png"},{"resourceName":"Troll-Face-Meme-PNG.webp","name":"MOBILE","surname":"Saphi","filePath":"..\/database-content\/uploads\/Troll-Face-Meme-PNG.webp"}]
Query result in fetch_searched_resources.php: Array
(
    [0] => Array
        (
            [resourceName] => javascript mi fa gli scherzi.jpg
            [name] => MOBILE
            [surname] => Saphi
            [filePath] => ../database-content/uploads/javascript mi fa gli scherzi.jpg
        )

    [1] => Array
        (
            [resourceName] => TheFirstTree_ending.png
            [name] => WEB
            [surname] => Bordeianu
            [filePath] => ../database-content/uploads/TheFirstTree_ending.png
        )

    [2] => Array
        (
            [resourceName] => TheFirstTree_Submission.png
            [name] => OOP
            [surname] => Bordeianu
            [filePath] => ../database-content/uploads/TheFirstTree_Submission.png
        )

    [3] => Array
        (
            [resourceName] => Troll-Face-Meme-PNG.webp
            [name] => MOBILE
            [surname] => Saphi
            [filePath] => ../database-content/uploads/Troll-Face-Meme-PNG.webp
        )

)

JSON format in fetch_searched_resources.php: [{"resourceName":"javascript mi fa gli scherzi.jpg","name":"MOBILE","surname":"Saphi","filePath":"..\/database-content\/uploads\/javascript mi fa gli scherzi.jpg"},{"resourceName":"TheFirstTree_ending.png","name":"WEB","surname":"Bordeianu","filePath":"..\/database-content\/uploads\/TheFirstTree_ending.png"},{"resourceName":"TheFirstTree_Submission.png","name":"OOP","surname":"Bordeianu","filePath":"..\/database-content\/uploads\/TheFirstTree_Submission.png"},{"resourceName":"Troll-Face-Meme-PNG.webp","name":"MOBILE","surname":"Saphi","filePath":"..\/database-content\/uploads\/Troll-Face-Meme-PNG.webp"}]
Query result in fetch_searched_resources.php: Array
(
    [0] => Array
        (
            [resourceName] => javascript mi fa gli scherzi.jpg
            [name] => MOBILE
            [surname] => Saphi
            [filePath] => ../database-content/uploads/javascript mi fa gli scherzi.jpg
        )

    [1] => Array
        (
            [resourceName] => TheFirstTree_ending.png
            [name] => WEB
            [surname] => Bordeianu
            [filePath] => ../database-content/uploads/TheFirstTree_ending.png
        )

    [2] => Array
        (
            [resourceName] => TheFirstTree_Submission.png
            [name] => OOP
            [surname] => Bordeianu
            [filePath] => ../database-content/uploads/TheFirstTree_Submission.png
        )

    [3] => Array
        (
            [resourceName] => Troll-Face-Meme-PNG.webp
            [name] => MOBILE
            [surname] => Saphi
            [filePath] => ../database-content/uploads/Troll-Face-Meme-PNG.webp
        )

)

JSON format in fetch_searched_resources.php: [{"resourceName":"javascript mi fa gli scherzi.jpg","name":"MOBILE","surname":"Saphi","filePath":"..\/database-content\/uploads\/javascript mi fa gli scherzi.jpg"},{"resourceName":"TheFirstTree_ending.png","name":"WEB","surname":"Bordeianu","filePath":"..\/database-content\/uploads\/TheFirstTree_ending.png"},{"resourceName":"TheFirstTree_Submission.png","name":"OOP","surname":"Bordeianu","filePath":"..\/database-content\/uploads\/TheFirstTree_Submission.png"},{"resourceName":"Troll-Face-Meme-PNG.webp","name":"MOBILE","surname":"Saphi","filePath":"..\/database-content\/uploads\/Troll-Face-Meme-PNG.webp"}]
Query result in fetch_searched_resources.php: Array
(
    [0] => Array
        (
            [resourceName] => javascript mi fa gli scherzi.jpg
            [name] => Giulia
            [surname] => Saphi
            [filePath] => ../database-content/uploads/javascript mi fa gli scherzi.jpg
            [subject] => MOBILE
        )

    [1] => Array
        (
            [resourceName] => TheFirstTree_ending.png
            [name] => Alin
            [surname] => Bordeianu
            [filePath] => ../database-content/uploads/TheFirstTree_ending.png
            [subject] => WEB
        )

    [2] => Array
        (
            [resourceName] => TheFirstTree_Submission.png
            [name] => Alin
            [surname] => Bordeianu
            [filePath] => ../database-content/uploads/TheFirstTree_Submission.png
            [subject] => OOP
        )

    [3] => Array
        (
            [resourceName] => Troll-Face-Meme-PNG.webp
            [name] => Giulia
            [surname] => Saphi
            [filePath] => ../database-content/uploads/Troll-Face-Meme-PNG.webp
            [subject] => MOBILE
        )

)

JSON format in fetch_searched_resources.php: [{"resourceName":"javascript mi fa gli scherzi.jpg","name":"Giulia","surname":"Saphi","filePath":"..\/database-content\/uploads\/javascript mi fa gli scherzi.jpg","subject":"MOBILE"},{"resourceName":"TheFirstTree_ending.png","name":"Alin","surname":"Bordeianu","filePath":"..\/database-content\/uploads\/TheFirstTree_ending.png","subject":"WEB"},{"resourceName":"TheFirstTree_Submission.png","name":"Alin","surname":"Bordeianu","filePath":"..\/database-content\/uploads\/TheFirstTree_Submission.png","subject":"OOP"},{"resourceName":"Troll-Face-Meme-PNG.webp","name":"Giulia","surname":"Saphi","filePath":"..\/database-content\/uploads\/Troll-Face-Meme-PNG.webp","subject":"MOBILE"}]
Query result in fetch_searched_resources.php: Array
(
    [0] => Array
        (
            [resourceName] => javascript mi fa gli scherzi.jpg
            [name] => Giulia
            [surname] => Saphi
            [filePath] => ../database-content/uploads/javascript mi fa gli scherzi.jpg
            [subject] => MOBILE
        )

    [1] => Array
        (
            [resourceName] => TheFirstTree_ending.png
            [name] => Alin
            [surname] => Bordeianu
            [filePath] => ../database-content/uploads/TheFirstTree_ending.png
            [subject] => WEB
        )

    [2] => Array
        (
            [resourceName] => TheFirstTree_Submission.png
            [name] => Alin
            [surname] => Bordeianu
            [filePath] => ../database-content/uploads/TheFirstTree_Submission.png
            [subject] => OOP
        )

    [3] => Array
        (
            [resourceName] => Troll-Face-Meme-PNG.webp
            [name] => Giulia
            [surname] => Saphi
            [filePath] => ../database-content/uploads/Troll-Face-Meme-PNG.webp
            [subject] => MOBILE
        )

)

JSON format in fetch_searched_resources.php: [{"resourceName":"javascript mi fa gli scherzi.jpg","name":"Giulia","surname":"Saphi","filePath":"..\/database-content\/uploads\/javascript mi fa gli scherzi.jpg","subject":"MOBILE"},{"resourceName":"TheFirstTree_ending.png","name":"Alin","surname":"Bordeianu","filePath":"..\/database-content\/uploads\/TheFirstTree_ending.png","subject":"WEB"},{"resourceName":"TheFirstTree_Submission.png","name":"Alin","surname":"Bordeianu","filePath":"..\/database-content\/uploads\/TheFirstTree_Submission.png","subject":"OOP"},{"resourceName":"Troll-Face-Meme-PNG.webp","name":"Giulia","surname":"Saphi","filePath":"..\/database-content\/uploads\/Troll-Face-Meme-PNG.webp","subject":"MOBILE"}]
Query result in fetch_searched_resources.php: Array
(
    [0] => Array
        (
            [resourceName] => javascript mi fa gli scherzi.jpg
            [name] => Giulia
            [surname] => Saphi
            [filePath] => ../database-content/uploads/javascript mi fa gli scherzi.jpg
            [subject] => MOBILE
        )

    [1] => Array
        (
            [resourceName] => TheFirstTree_ending.png
            [name] => Alin
            [surname] => Bordeianu
            [filePath] => ../database-content/uploads/TheFirstTree_ending.png
            [subject] => WEB
        )

    [2] => Array
        (
            [resourceName] => TheFirstTree_Submission.png
            [name] => Alin
            [surname] => Bordeianu
            [filePath] => ../database-content/uploads/TheFirstTree_Submission.png
            [subject] => OOP
        )

    [3] => Array
        (
            [resourceName] => Troll-Face-Meme-PNG.webp
            [name] => Giulia
            [surname] => Saphi
            [filePath] => ../database-content/uploads/Troll-Face-Meme-PNG.webp
            [subject] => MOBILE
        )

)

JSON format in fetch_searched_resources.php: [{"resourceName":"javascript mi fa gli scherzi.jpg","name":"Giulia","surname":"Saphi","filePath":"..\/database-content\/uploads\/javascript mi fa gli scherzi.jpg","subject":"MOBILE"},{"resourceName":"TheFirstTree_ending.png","name":"Alin","surname":"Bordeianu","filePath":"..\/database-content\/uploads\/TheFirstTree_ending.png","subject":"WEB"},{"resourceName":"TheFirstTree_Submission.png","name":"Alin","surname":"Bordeianu","filePath":"..\/database-content\/uploads\/TheFirstTree_Submission.png","subject":"OOP"},{"resourceName":"Troll-Face-Meme-PNG.webp","name":"Giulia","surname":"Saphi","filePath":"..\/database-content\/uploads\/Troll-Face-Meme-PNG.webp","subject":"MOBILE"}]
Query result in fetch_searched_resources.php: Array
(
    [0] => Array
        (
            [resourceName] => javascript mi fa gli scherzi.jpg
            [name] => Giulia
            [surname] => Saphi
            [filePath] => ../database-content/uploads/javascript mi fa gli scherzi.jpg
            [subject] => MOBILE
        )

    [1] => Array
        (
            [resourceName] => TheFirstTree_ending.png
            [name] => Alin
            [surname] => Bordeianu
            [filePath] => ../database-content/uploads/TheFirstTree_ending.png
            [subject] => WEB
        )

    [2] => Array
        (
            [resourceName] => TheFirstTree_Submission.png
            [name] => Alin
            [surname] => Bordeianu
            [filePath] => ../database-content/uploads/TheFirstTree_Submission.png
            [subject] => OOP
        )

    [3] => Array
        (
            [resourceName] => Troll-Face-Meme-PNG.webp
            [name] => Giulia
            [surname] => Saphi
            [filePath] => ../database-content/uploads/Troll-Face-Meme-PNG.webp
            [subject] => MOBILE
        )

)

JSON format in fetch_searched_resources.php: [{"resourceName":"javascript mi fa gli scherzi.jpg","name":"Giulia","surname":"Saphi","filePath":"..\/database-content\/uploads\/javascript mi fa gli scherzi.jpg","subject":"MOBILE"},{"resourceName":"TheFirstTree_ending.png","name":"Alin","surname":"Bordeianu","filePath":"..\/database-content\/uploads\/TheFirstTree_ending.png","subject":"WEB"},{"resourceName":"TheFirstTree_Submission.png","name":"Alin","surname":"Bordeianu","filePath":"..\/database-content\/uploads\/TheFirstTree_Submission.png","subject":"OOP"},{"resourceName":"Troll-Face-Meme-PNG.webp","name":"Giulia","surname":"Saphi","filePath":"..\/database-content\/uploads\/Troll-Face-Meme-PNG.webp","subject":"MOBILE"}]
Query result in fetch_searched_resources.php: Array
(
    [0] => Array
        (
            [resourceName] => javascript mi fa gli scherzi.jpg
            [name] => Giulia
            [surname] => Saphi
            [filePath] => ../database-content/uploads/javascript mi fa gli scherzi.jpg
            [subject] => MOBILE
        )

    [1] => Array
        (
            [resourceName] => TheFirstTree_ending.png
            [name] => Alin
            [surname] => Bordeianu
            [filePath] => ../database-content/uploads/TheFirstTree_ending.png
            [subject] => WEB
        )

    [2] => Array
        (
            [resourceName] => TheFirstTree_Submission.png
            [name] => Alin
            [surname] => Bordeianu
            [filePath] => ../database-content/uploads/TheFirstTree_Submission.png
            [subject] => OOP
        )

    [3] => Array
        (
            [resourceName] => Troll-Face-Meme-PNG.webp
            [name] => Giulia
            [surname] => Saphi
            [filePath] => ../database-content/uploads/Troll-Face-Meme-PNG.webp
            [subject] => MOBILE
        )

)

JSON format in fetch_searched_resources.php: [{"resourceName":"javascript mi fa gli scherzi.jpg","name":"Giulia","surname":"Saphi","filePath":"..\/database-content\/uploads\/javascript mi fa gli scherzi.jpg","subject":"MOBILE"},{"resourceName":"TheFirstTree_ending.png","name":"Alin","surname":"Bordeianu","filePath":"..\/database-content\/uploads\/TheFirstTree_ending.png","subject":"WEB"},{"resourceName":"TheFirstTree_Submission.png","name":"Alin","surname":"Bordeianu","filePath":"..\/database-content\/uploads\/TheFirstTree_Submission.png","subject":"OOP"},{"resourceName":"Troll-Face-Meme-PNG.webp","name":"Giulia","surname":"Saphi","filePath":"..\/database-content\/uploads\/Troll-Face-Meme-PNG.webp","subject":"MOBILE"}]
Query result in fetch_searched_resources.php: Array
(
    [0] => Array
        (
            [resourceName] => javascript mi fa gli scherzi.jpg
            [name] => Giulia
            [surname] => Saphi
            [filePath] => ../database-content/uploads/javascript mi fa gli scherzi.jpg
            [subject] => MOBILE
        )

    [1] => Array
        (
            [resourceName] => TheFirstTree_ending.png
            [name] => Alin
            [surname] => Bordeianu
            [filePath] => ../database-content/uploads/TheFirstTree_ending.png
            [subject] => WEB
        )

    [2] => Array
        (
            [resourceName] => TheFirstTree_Submission.png
            [name] => Alin
            [surname] => Bordeianu
            [filePath] => ../database-content/uploads/TheFirstTree_Submission.png
            [subject] => OOP
        )

    [3] => Array
        (
            [resourceName] => Troll-Face-Meme-PNG.webp
            [name] => Giulia
            [surname] => Saphi
            [filePath] => ../database-content/uploads/Troll-Face-Meme-PNG.webp
            [subject] => MOBILE
        )

)

JSON format in fetch_searched_resources.php: [{"resourceName":"javascript mi fa gli scherzi.jpg","name":"Giulia","surname":"Saphi","filePath":"..\/database-content\/uploads\/javascript mi fa gli scherzi.jpg","subject":"MOBILE"},{"resourceName":"TheFirstTree_ending.png","name":"Alin","surname":"Bordeianu","filePath":"..\/database-content\/uploads\/TheFirstTree_ending.png","subject":"WEB"},{"resourceName":"TheFirstTree_Submission.png","name":"Alin","surname":"Bordeianu","filePath":"..\/database-content\/uploads\/TheFirstTree_Submission.png","subject":"OOP"},{"resourceName":"Troll-Face-Meme-PNG.webp","name":"Giulia","surname":"Saphi","filePath":"..\/database-content\/uploads\/Troll-Face-Meme-PNG.webp","subject":"MOBILE"}]
Query result in fetch_searched_resources.php: Array
(
    [0] => Array
        (
            [resourceName] => javascript mi fa gli scherzi.jpg
            [name] => Giulia
            [surname] => Saphi
            [filePath] => ../database-content/uploads/javascript mi fa gli scherzi.jpg
            [subject] => MOBILE
        )

    [1] => Array
        (
            [resourceName] => TheFirstTree_ending.png
            [name] => Alin
            [surname] => Bordeianu
            [filePath] => ../database-content/uploads/TheFirstTree_ending.png
            [subject] => WEB
        )

    [2] => Array
        (
            [resourceName] => TheFirstTree_Submission.png
            [name] => Alin
            [surname] => Bordeianu
            [filePath] => ../database-content/uploads/TheFirstTree_Submission.png
            [subject] => OOP
        )

    [3] => Array
        (
            [resourceName] => Troll-Face-Meme-PNG.webp
            [name] => Giulia
            [surname] => Saphi
            [filePath] => ../database-content/uploads/Troll-Face-Meme-PNG.webp
            [subject] => MOBILE
        )

)

JSON format in fetch_searched_resources.php: [{"resourceName":"javascript mi fa gli scherzi.jpg","name":"Giulia","surname":"Saphi","filePath":"..\/database-content\/uploads\/javascript mi fa gli scherzi.jpg","subject":"MOBILE"},{"resourceName":"TheFirstTree_ending.png","name":"Alin","surname":"Bordeianu","filePath":"..\/database-content\/uploads\/TheFirstTree_ending.png","subject":"WEB"},{"resourceName":"TheFirstTree_Submission.png","name":"Alin","surname":"Bordeianu","filePath":"..\/database-content\/uploads\/TheFirstTree_Submission.png","subject":"OOP"},{"resourceName":"Troll-Face-Meme-PNG.webp","name":"Giulia","surname":"Saphi","filePath":"..\/database-content\/uploads\/Troll-Face-Meme-PNG.webp","subject":"MOBILE"}]
Query result in fetch_searched_resources.php: Array
(
    [0] => Array
        (
            [resourceName] => javascript mi fa gli scherzi.jpg
            [name] => Giulia
            [surname] => Saphi
            [filePath] => ../database-content/uploads/javascript mi fa gli scherzi.jpg
            [subject] => MOBILE
        )

    [1] => Array
        (
            [resourceName] => TheFirstTree_ending.png
            [name] => Alin
            [surname] => Bordeianu
            [filePath] => ../database-content/uploads/TheFirstTree_ending.png
            [subject] => WEB
        )

    [2] => Array
        (
            [resourceName] => TheFirstTree_Submission.png
            [name] => Alin
            [surname] => Bordeianu
            [filePath] => ../database-content/uploads/TheFirstTree_Submission.png
            [subject] => OOP
        )

    [3] => Array
        (
            [resourceName] => Troll-Face-Meme-PNG.webp
            [name] => Giulia
            [surname] => Saphi
            [filePath] => ../database-content/uploads/Troll-Face-Meme-PNG.webp
            [subject] => MOBILE
        )

)

JSON format in fetch_searched_resources.php: [{"resourceName":"javascript mi fa gli scherzi.jpg","name":"Giulia","surname":"Saphi","filePath":"..\/database-content\/uploads\/javascript mi fa gli scherzi.jpg","subject":"MOBILE"},{"resourceName":"TheFirstTree_ending.png","name":"Alin","surname":"Bordeianu","filePath":"..\/database-content\/uploads\/TheFirstTree_ending.png","subject":"WEB"},{"resourceName":"TheFirstTree_Submission.png","name":"Alin","surname":"Bordeianu","filePath":"..\/database-content\/uploads\/TheFirstTree_Submission.png","subject":"OOP"},{"resourceName":"Troll-Face-Meme-PNG.webp","name":"Giulia","surname":"Saphi","filePath":"..\/database-content\/uploads\/Troll-Face-Meme-PNG.webp","subject":"MOBILE"}]
Query result in fetch_searched_resources.php: Array
(
    [0] => Array
        (
            [resourceName] => javascript mi fa gli scherzi.jpg
            [name] => Giulia
            [surname] => Saphi
            [filePath] => ../database-content/uploads/javascript mi fa gli scherzi.jpg
            [subject] => MOBILE
        )

    [1] => Array
        (
            [resourceName] => TheFirstTree_ending.png
            [name] => Alin
            [surname] => Bordeianu
            [filePath] => ../database-content/uploads/TheFirstTree_ending.png
            [subject] => WEB
        )

    [2] => Array
        (
            [resourceName] => TheFirstTree_Submission.png
            [name] => Alin
            [surname] => Bordeianu
            [filePath] => ../database-content/uploads/TheFirstTree_Submission.png
            [subject] => OOP
        )

    [3] => Array
        (
            [resourceName] => Troll-Face-Meme-PNG.webp
            [name] => Giulia
            [surname] => Saphi
            [filePath] => ../database-content/uploads/Troll-Face-Meme-PNG.webp
            [subject] => MOBILE
        )

)

JSON format in fetch_searched_resources.php: [{"resourceName":"javascript mi fa gli scherzi.jpg","name":"Giulia","surname":"Saphi","filePath":"..\/database-content\/uploads\/javascript mi fa gli scherzi.jpg","subject":"MOBILE"},{"resourceName":"TheFirstTree_ending.png","name":"Alin","surname":"Bordeianu","filePath":"..\/database-content\/uploads\/TheFirstTree_ending.png","subject":"WEB"},{"resourceName":"TheFirstTree_Submission.png","name":"Alin","surname":"Bordeianu","filePath":"..\/database-content\/uploads\/TheFirstTree_Submission.png","subject":"OOP"},{"resourceName":"Troll-Face-Meme-PNG.webp","name":"Giulia","surname":"Saphi","filePath":"..\/database-content\/uploads\/Troll-Face-Meme-PNG.webp","subject":"MOBILE"}]
Query result in fetch_searched_resources.php: Array
(
    [0] => Array
        (
            [resourceName] => javascript mi fa gli scherzi.jpg
            [name] => Giulia
            [surname] => Saphi
            [filePath] => ../database-content/uploads/javascript mi fa gli scherzi.jpg
            [subject] => MOBILE
        )

    [1] => Array
        (
            [resourceName] => TheFirstTree_ending.png
            [name] => Alin
            [surname] => Bordeianu
            [filePath] => ../database-content/uploads/TheFirstTree_ending.png
            [subject] => WEB
        )

    [2] => Array
        (
            [resourceName] => TheFirstTree_Submission.png
            [name] => Alin
            [surname] => Bordeianu
            [filePath] => ../database-content/uploads/TheFirstTree_Submission.png
            [subject] => OOP
        )

    [3] => Array
        (
            [resourceName] => Troll-Face-Meme-PNG.webp
            [name] => Giulia
            [surname] => Saphi
            [filePath] => ../database-content/uploads/Troll-Face-Meme-PNG.webp
            [subject] => MOBILE
        )

)

JSON format in fetch_searched_resources.php: [{"resourceName":"javascript mi fa gli scherzi.jpg","name":"Giulia","surname":"Saphi","filePath":"..\/database-content\/uploads\/javascript mi fa gli scherzi.jpg","subject":"MOBILE"},{"resourceName":"TheFirstTree_ending.png","name":"Alin","surname":"Bordeianu","filePath":"..\/database-content\/uploads\/TheFirstTree_ending.png","subject":"WEB"},{"resourceName":"TheFirstTree_Submission.png","name":"Alin","surname":"Bordeianu","filePath":"..\/database-content\/uploads\/TheFirstTree_Submission.png","subject":"OOP"},{"resourceName":"Troll-Face-Meme-PNG.webp","name":"Giulia","surname":"Saphi","filePath":"..\/database-content\/uploads\/Troll-Face-Meme-PNG.webp","subject":"MOBILE"}]
Query result in fetch_searched_resources.php: Array
(
    [0] => Array
        (
            [resourceName] => javascript mi fa gli scherzi.jpg
            [name] => Giulia
            [surname] => Saphi
            [filePath] => ../database-content/uploads/javascript mi fa gli scherzi.jpg
            [subject] => MOBILE
        )

    [1] => Array
        (
            [resourceName] => TheFirstTree_ending.png
            [name] => Alin
            [surname] => Bordeianu
            [filePath] => ../database-content/uploads/TheFirstTree_ending.png
            [subject] => WEB
        )

    [2] => Array
        (
            [resourceName] => TheFirstTree_Submission.png
            [name] => Alin
            [surname] => Bordeianu
            [filePath] => ../database-content/uploads/TheFirstTree_Submission.png
            [subject] => OOP
        )

    [3] => Array
        (
            [resourceName] => Troll-Face-Meme-PNG.webp
            [name] => Giulia
            [surname] => Saphi
            [filePath] => ../database-content/uploads/Troll-Face-Meme-PNG.webp
            [subject] => MOBILE
        )

)

JSON format in fetch_searched_resources.php: [{"resourceName":"javascript mi fa gli scherzi.jpg","name":"Giulia","surname":"Saphi","filePath":"..\/database-content\/uploads\/javascript mi fa gli scherzi.jpg","subject":"MOBILE"},{"resourceName":"TheFirstTree_ending.png","name":"Alin","surname":"Bordeianu","filePath":"..\/database-content\/uploads\/TheFirstTree_ending.png","subject":"WEB"},{"resourceName":"TheFirstTree_Submission.png","name":"Alin","surname":"Bordeianu","filePath":"..\/database-content\/uploads\/TheFirstTree_Submission.png","subject":"OOP"},{"resourceName":"Troll-Face-Meme-PNG.webp","name":"Giulia","surname":"Saphi","filePath":"..\/database-content\/uploads\/Troll-Face-Meme-PNG.webp","subject":"MOBILE"}]
Query result in fetch_searched_resources.php: Array
(
    [0] => Array
        (
            [resourceName] => javascript mi fa gli scherzi.jpg
            [name] => Giulia
            [surname] => Saphi
            [filePath] => ../database-content/uploads/javascript mi fa gli scherzi.jpg
            [subject] => MOBILE
        )

    [1] => Array
        (
            [resourceName] => TheFirstTree_ending.png
            [name] => Alin
            [surname] => Bordeianu
            [filePath] => ../database-content/uploads/TheFirstTree_ending.png
            [subject] => WEB
        )

    [2] => Array
        (
            [resourceName] => TheFirstTree_Submission.png
            [name] => Alin
            [surname] => Bordeianu
            [filePath] => ../database-content/uploads/TheFirstTree_Submission.png
            [subject] => OOP
        )

    [3] => Array
        (
            [resourceName] => Troll-Face-Meme-PNG.webp
            [name] => Giulia
            [surname] => Saphi
            [filePath] => ../database-content/uploads/Troll-Face-Meme-PNG.webp
            [subject] => MOBILE
        )

)

JSON format in fetch_searched_resources.php: [{"resourceName":"javascript mi fa gli scherzi.jpg","name":"Giulia","surname":"Saphi","filePath":"..\/database-content\/uploads\/javascript mi fa gli scherzi.jpg","subject":"MOBILE"},{"resourceName":"TheFirstTree_ending.png","name":"Alin","surname":"Bordeianu","filePath":"..\/database-content\/uploads\/TheFirstTree_ending.png","subject":"WEB"},{"resourceName":"TheFirstTree_Submission.png","name":"Alin","surname":"Bordeianu","filePath":"..\/database-content\/uploads\/TheFirstTree_Submission.png","subject":"OOP"},{"resourceName":"Troll-Face-Meme-PNG.webp","name":"Giulia","surname":"Saphi","filePath":"..\/database-content\/uploads\/Troll-Face-Meme-PNG.webp","subject":"MOBILE"}]
Query result in fetch_searched_resources.php: Array
(
    [0] => Array
        (
            [resourceName] => javascript mi fa gli scherzi.jpg
            [name] => Giulia
            [surname] => Saphi
            [filePath] => ../database-content/uploads/javascript mi fa gli scherzi.jpg
            [subject] => MOBILE
        )

    [1] => Array
        (
            [resourceName] => TheFirstTree_ending.png
            [name] => Alin
            [surname] => Bordeianu
            [filePath] => ../database-content/uploads/TheFirstTree_ending.png
            [subject] => WEB
        )

    [2] => Array
        (
            [resourceName] => TheFirstTree_Submission.png
            [name] => Alin
            [surname] => Bordeianu
            [filePath] => ../database-content/uploads/TheFirstTree_Submission.png
            [subject] => OOP
        )

    [3] => Array
        (
            [resourceName] => Troll-Face-Meme-PNG.webp
            [name] => Giulia
            [surname] => Saphi
            [filePath] => ../database-content/uploads/Troll-Face-Meme-PNG.webp
            [subject] => MOBILE
        )

)

JSON format in fetch_searched_resources.php: [{"resourceName":"javascript mi fa gli scherzi.jpg","name":"Giulia","surname":"Saphi","filePath":"..\/database-content\/uploads\/javascript mi fa gli scherzi.jpg","subject":"MOBILE"},{"resourceName":"TheFirstTree_ending.png","name":"Alin","surname":"Bordeianu","filePath":"..\/database-content\/uploads\/TheFirstTree_ending.png","subject":"WEB"},{"resourceName":"TheFirstTree_Submission.png","name":"Alin","surname":"Bordeianu","filePath":"..\/database-content\/uploads\/TheFirstTree_Submission.png","subject":"OOP"},{"resourceName":"Troll-Face-Meme-PNG.webp","name":"Giulia","surname":"Saphi","filePath":"..\/database-content\/uploads\/Troll-Face-Meme-PNG.webp","subject":"MOBILE"}]
Query result in fetch_searched_resources.php: Array
(
    [0] => Array
        (
            [resourceName] => javascript mi fa gli scherzi.jpg
            [name] => Giulia
            [surname] => Saphi
            [filePath] => ../database-content/uploads/javascript mi fa gli scherzi.jpg
            [subject] => MOBILE
        )

    [1] => Array
        (
            [resourceName] => TheFirstTree_ending.png
            [name] => Alin
            [surname] => Bordeianu
            [filePath] => ../database-content/uploads/TheFirstTree_ending.png
            [subject] => WEB
        )

    [2] => Array
        (
            [resourceName] => TheFirstTree_Submission.png
            [name] => Alin
            [surname] => Bordeianu
            [filePath] => ../database-content/uploads/TheFirstTree_Submission.png
            [subject] => OOP
        )

    [3] => Array
        (
            [resourceName] => Troll-Face-Meme-PNG.webp
            [name] => Giulia
            [surname] => Saphi
            [filePath] => ../database-content/uploads/Troll-Face-Meme-PNG.webp
            [subject] => MOBILE
        )

)

JSON format in fetch_searched_resources.php: [{"resourceName":"javascript mi fa gli scherzi.jpg","name":"Giulia","surname":"Saphi","filePath":"..\/database-content\/uploads\/javascript mi fa gli scherzi.jpg","subject":"MOBILE"},{"resourceName":"TheFirstTree_ending.png","name":"Alin","surname":"Bordeianu","filePath":"..\/database-content\/uploads\/TheFirstTree_ending.png","subject":"WEB"},{"resourceName":"TheFirstTree_Submission.png","name":"Alin","surname":"Bordeianu","filePath":"..\/database-content\/uploads\/TheFirstTree_Submission.png","subject":"OOP"},{"resourceName":"Troll-Face-Meme-PNG.webp","name":"Giulia","surname":"Saphi","filePath":"..\/database-content\/uploads\/Troll-Face-Meme-PNG.webp","subject":"MOBILE"}]
Query result in fetch_searched_resources.php: Array
(
    [0] => Array
        (
            [resourceName] => javascript mi fa gli scherzi.jpg
            [name] => Giulia
            [surname] => Saphi
            [filePath] => ../database-content/uploads/javascript mi fa gli scherzi.jpg
            [subject] => MOBILE
        )

    [1] => Array
        (
            [resourceName] => TheFirstTree_ending.png
            [name] => Alin
            [surname] => Bordeianu
            [filePath] => ../database-content/uploads/TheFirstTree_ending.png
            [subject] => WEB
        )

    [2] => Array
        (
            [resourceName] => TheFirstTree_Submission.png
            [name] => Alin
            [surname] => Bordeianu
            [filePath] => ../database-content/uploads/TheFirstTree_Submission.png
            [subject] => OOP
        )

    [3] => Array
        (
            [resourceName] => Troll-Face-Meme-PNG.webp
            [name] => Giulia
            [surname] => Saphi
            [filePath] => ../database-content/uploads/Troll-Face-Meme-PNG.webp
            [subject] => MOBILE
        )

)

JSON format in fetch_searched_resources.php: [{"resourceName":"javascript mi fa gli scherzi.jpg","name":"Giulia","surname":"Saphi","filePath":"..\/database-content\/uploads\/javascript mi fa gli scherzi.jpg","subject":"MOBILE"},{"resourceName":"TheFirstTree_ending.png","name":"Alin","surname":"Bordeianu","filePath":"..\/database-content\/uploads\/TheFirstTree_ending.png","subject":"WEB"},{"resourceName":"TheFirstTree_Submission.png","name":"Alin","surname":"Bordeianu","filePath":"..\/database-content\/uploads\/TheFirstTree_Submission.png","subject":"OOP"},{"resourceName":"Troll-Face-Meme-PNG.webp","name":"Giulia","surname":"Saphi","filePath":"..\/database-content\/uploads\/Troll-Face-Meme-PNG.webp","subject":"MOBILE"}]
Query result in fetch_searched_resources.php: Array
(
    [0] => Array
        (
            [resourceName] => javascript mi fa gli scherzi.jpg
            [name] => Giulia
            [surname] => Saphi
            [filePath] => ../database-content/uploads/javascript mi fa gli scherzi.jpg
            [subject] => MOBILE
        )

    [1] => Array
        (
            [resourceName] => TheFirstTree_ending.png
            [name] => Alin
            [surname] => Bordeianu
            [filePath] => ../database-content/uploads/TheFirstTree_ending.png
            [subject] => WEB
        )

    [2] => Array
        (
            [resourceName] => TheFirstTree_Submission.png
            [name] => Alin
            [surname] => Bordeianu
            [filePath] => ../database-content/uploads/TheFirstTree_Submission.png
            [subject] => OOP
        )

    [3] => Array
        (
            [resourceName] => Troll-Face-Meme-PNG.webp
            [name] => Giulia
            [surname] => Saphi
            [filePath] => ../database-content/uploads/Troll-Face-Meme-PNG.webp
            [subject] => MOBILE
        )

)

JSON format in fetch_searched_resources.php: [{"resourceName":"javascript mi fa gli scherzi.jpg","name":"Giulia","surname":"Saphi","filePath":"..\/database-content\/uploads\/javascript mi fa gli scherzi.jpg","subject":"MOBILE"},{"resourceName":"TheFirstTree_ending.png","name":"Alin","surname":"Bordeianu","filePath":"..\/database-content\/uploads\/TheFirstTree_ending.png","subject":"WEB"},{"resourceName":"TheFirstTree_Submission.png","name":"Alin","surname":"Bordeianu","filePath":"..\/database-content\/uploads\/TheFirstTree_Submission.png","subject":"OOP"},{"resourceName":"Troll-Face-Meme-PNG.webp","name":"Giulia","surname":"Saphi","filePath":"..\/database-content\/uploads\/Troll-Face-Meme-PNG.webp","subject":"MOBILE"}]
Query result in fetch_searched_resources.php: Array
(
    [0] => Array
        (
            [resourceName] => javascript mi fa gli scherzi.jpg
            [name] => Giulia
            [surname] => Saphi
            [filePath] => ../database-content/uploads/javascript mi fa gli scherzi.jpg
            [subject] => MOBILE
        )

    [1] => Array
        (
            [resourceName] => TheFirstTree_ending.png
            [name] => Alin
            [surname] => Bordeianu
            [filePath] => ../database-content/uploads/TheFirstTree_ending.png
            [subject] => WEB
        )

    [2] => Array
        (
            [resourceName] => TheFirstTree_Submission.png
            [name] => Alin
            [surname] => Bordeianu
            [filePath] => ../database-content/uploads/TheFirstTree_Submission.png
            [subject] => OOP
        )

    [3] => Array
        (
            [resourceName] => Troll-Face-Meme-PNG.webp
            [name] => Giulia
            [surname] => Saphi
            [filePath] => ../database-content/uploads/Troll-Face-Meme-PNG.webp
            [subject] => MOBILE
        )

)

JSON format in fetch_searched_resources.php: [{"resourceName":"javascript mi fa gli scherzi.jpg","name":"Giulia","surname":"Saphi","filePath":"..\/database-content\/uploads\/javascript mi fa gli scherzi.jpg","subject":"MOBILE"},{"resourceName":"TheFirstTree_ending.png","name":"Alin","surname":"Bordeianu","filePath":"..\/database-content\/uploads\/TheFirstTree_ending.png","subject":"WEB"},{"resourceName":"TheFirstTree_Submission.png","name":"Alin","surname":"Bordeianu","filePath":"..\/database-content\/uploads\/TheFirstTree_Submission.png","subject":"OOP"},{"resourceName":"Troll-Face-Meme-PNG.webp","name":"Giulia","surname":"Saphi","filePath":"..\/database-content\/uploads\/Troll-Face-Meme-PNG.webp","subject":"MOBILE"}]
Query result in fetch_searched_resources.php: Array
(
    [0] => Array
        (
            [resourceName] => javascript mi fa gli scherzi.jpg
            [name] => Giulia
            [surname] => Saphi
            [filePath] => ../database-content/uploads/javascript mi fa gli scherzi.jpg
            [subject] => MOBILE
        )

    [1] => Array
        (
            [resourceName] => TheFirstTree_ending.png
            [name] => Alin
            [surname] => Bordeianu
            [filePath] => ../database-content/uploads/TheFirstTree_ending.png
            [subject] => WEB
        )

    [2] => Array
        (
            [resourceName] => TheFirstTree_Submission.png
            [name] => Alin
            [surname] => Bordeianu
            [filePath] => ../database-content/uploads/TheFirstTree_Submission.png
            [subject] => OOP
        )

    [3] => Array
        (
            [resourceName] => Troll-Face-Meme-PNG.webp
            [name] => Giulia
            [surname] => Saphi
            [filePath] => ../database-content/uploads/Troll-Face-Meme-PNG.webp
            [subject] => MOBILE
        )

)

JSON format in fetch_searched_resources.php: [{"resourceName":"javascript mi fa gli scherzi.jpg","name":"Giulia","surname":"Saphi","filePath":"..\/database-content\/uploads\/javascript mi fa gli scherzi.jpg","subject":"MOBILE"},{"resourceName":"TheFirstTree_ending.png","name":"Alin","surname":"Bordeianu","filePath":"..\/database-content\/uploads\/TheFirstTree_ending.png","subject":"WEB"},{"resourceName":"TheFirstTree_Submission.png","name":"Alin","surname":"Bordeianu","filePath":"..\/database-content\/uploads\/TheFirstTree_Submission.png","subject":"OOP"},{"resourceName":"Troll-Face-Meme-PNG.webp","name":"Giulia","surname":"Saphi","filePath":"..\/database-content\/uploads\/Troll-Face-Meme-PNG.webp","subject":"MOBILE"}]
Query result in fetch_searched_resources.php: Array
(
    [0] => Array
        (
            [resourceName] => javascript mi fa gli scherzi.jpg
            [name] => Giulia
            [surname] => Saphi
            [filePath] => ../database-content/uploads/javascript mi fa gli scherzi.jpg
            [subject] => MOBILE
        )

    [1] => Array
        (
            [resourceName] => TheFirstTree_ending.png
            [name] => Alin
            [surname] => Bordeianu
            [filePath] => ../database-content/uploads/TheFirstTree_ending.png
            [subject] => WEB
        )

    [2] => Array
        (
            [resourceName] => TheFirstTree_Submission.png
            [name] => Alin
            [surname] => Bordeianu
            [filePath] => ../database-content/uploads/TheFirstTree_Submission.png
            [subject] => OOP
        )

    [3] => Array
        (
            [resourceName] => Troll-Face-Meme-PNG.webp
            [name] => Giulia
            [surname] => Saphi
            [filePath] => ../database-content/uploads/Troll-Face-Meme-PNG.webp
            [subject] => MOBILE
        )

)

JSON format in fetch_searched_resources.php: [{"resourceName":"javascript mi fa gli scherzi.jpg","name":"Giulia","surname":"Saphi","filePath":"..\/database-content\/uploads\/javascript mi fa gli scherzi.jpg","subject":"MOBILE"},{"resourceName":"TheFirstTree_ending.png","name":"Alin","surname":"Bordeianu","filePath":"..\/database-content\/uploads\/TheFirstTree_ending.png","subject":"WEB"},{"resourceName":"TheFirstTree_Submission.png","name":"Alin","surname":"Bordeianu","filePath":"..\/database-content\/uploads\/TheFirstTree_Submission.png","subject":"OOP"},{"resourceName":"Troll-Face-Meme-PNG.webp","name":"Giulia","surname":"Saphi","filePath":"..\/database-content\/uploads\/Troll-Face-Meme-PNG.webp","subject":"MOBILE"}]
Query result in fetch_searched_resources.php: Array
(
    [0] => Array
        (
            [resourceName] => javascript mi fa gli scherzi.jpg
            [name] => Giulia
            [surname] => Saphi
            [filePath] => ../database-content/uploads/javascript mi fa gli scherzi.jpg
            [subject] => MOBILE
        )

    [1] => Array
        (
            [resourceName] => TheFirstTree_ending.png
            [name] => Alin
            [surname] => Bordeianu
            [filePath] => ../database-content/uploads/TheFirstTree_ending.png
            [subject] => WEB
        )

    [2] => Array
        (
            [resourceName] => TheFirstTree_Submission.png
            [name] => Alin
            [surname] => Bordeianu
            [filePath] => ../database-content/uploads/TheFirstTree_Submission.png
            [subject] => OOP
        )

    [3] => Array
        (
            [resourceName] => Troll-Face-Meme-PNG.webp
            [name] => Giulia
            [surname] => Saphi
            [filePath] => ../database-content/uploads/Troll-Face-Meme-PNG.webp
            [subject] => MOBILE
        )

)

JSON format in fetch_searched_resources.php: [{"resourceName":"javascript mi fa gli scherzi.jpg","name":"Giulia","surname":"Saphi","filePath":"..\/database-content\/uploads\/javascript mi fa gli scherzi.jpg","subject":"MOBILE"},{"resourceName":"TheFirstTree_ending.png","name":"Alin","surname":"Bordeianu","filePath":"..\/database-content\/uploads\/TheFirstTree_ending.png","subject":"WEB"},{"resourceName":"TheFirstTree_Submission.png","name":"Alin","surname":"Bordeianu","filePath":"..\/database-content\/uploads\/TheFirstTree_Submission.png","subject":"OOP"},{"resourceName":"Troll-Face-Meme-PNG.webp","name":"Giulia","surname":"Saphi","filePath":"..\/database-content\/uploads\/Troll-Face-Meme-PNG.webp","subject":"MOBILE"}]
Query result in fetch_searched_resources.php: Array
(
    [0] => Array
        (
            [resourceName] => javascript mi fa gli scherzi.jpg
            [name] => Giulia
            [surname] => Saphi
            [filePath] => ../database-content/uploads/javascript mi fa gli scherzi.jpg
            [subject] => MOBILE
        )

    [1] => Array
        (
            [resourceName] => TheFirstTree_ending.png
            [name] => Alin
            [surname] => Bordeianu
            [filePath] => ../database-content/uploads/TheFirstTree_ending.png
            [subject] => WEB
        )

    [2] => Array
        (
            [resourceName] => TheFirstTree_Submission.png
            [name] => Alin
            [surname] => Bordeianu
            [filePath] => ../database-content/uploads/TheFirstTree_Submission.png
            [subject] => OOP
        )

    [3] => Array
        (
            [resourceName] => Troll-Face-Meme-PNG.webp
            [name] => Giulia
            [surname] => Saphi
            [filePath] => ../database-content/uploads/Troll-Face-Meme-PNG.webp
            [subject] => MOBILE
        )

)

JSON format in fetch_searched_resources.php: [{"resourceName":"javascript mi fa gli scherzi.jpg","name":"Giulia","surname":"Saphi","filePath":"..\/database-content\/uploads\/javascript mi fa gli scherzi.jpg","subject":"MOBILE"},{"resourceName":"TheFirstTree_ending.png","name":"Alin","surname":"Bordeianu","filePath":"..\/database-content\/uploads\/TheFirstTree_ending.png","subject":"WEB"},{"resourceName":"TheFirstTree_Submission.png","name":"Alin","surname":"Bordeianu","filePath":"..\/database-content\/uploads\/TheFirstTree_Submission.png","subject":"OOP"},{"resourceName":"Troll-Face-Meme-PNG.webp","name":"Giulia","surname":"Saphi","filePath":"..\/database-content\/uploads\/Troll-Face-Meme-PNG.webp","subject":"MOBILE"}]
Query result in fetch_searched_resources.php: Array
(
    [0] => Array
        (
            [resourceName] => javascript mi fa gli scherzi.jpg
            [name] => Giulia
            [surname] => Saphi
            [filePath] => ../database-content/uploads/javascript mi fa gli scherzi.jpg
            [subject] => MOBILE
        )

    [1] => Array
        (
            [resourceName] => TheFirstTree_ending.png
            [name] => Alin
            [surname] => Bordeianu
            [filePath] => ../database-content/uploads/TheFirstTree_ending.png
            [subject] => WEB
        )

    [2] => Array
        (
            [resourceName] => TheFirstTree_Submission.png
            [name] => Alin
            [surname] => Bordeianu
            [filePath] => ../database-content/uploads/TheFirstTree_Submission.png
            [subject] => OOP
        )

    [3] => Array
        (
            [resourceName] => Troll-Face-Meme-PNG.webp
            [name] => Giulia
            [surname] => Saphi
            [filePath] => ../database-content/uploads/Troll-Face-Meme-PNG.webp
            [subject] => MOBILE
        )

)

JSON format in fetch_searched_resources.php: [{"resourceName":"javascript mi fa gli scherzi.jpg","name":"Giulia","surname":"Saphi","filePath":"..\/database-content\/uploads\/javascript mi fa gli scherzi.jpg","subject":"MOBILE"},{"resourceName":"TheFirstTree_ending.png","name":"Alin","surname":"Bordeianu","filePath":"..\/database-content\/uploads\/TheFirstTree_ending.png","subject":"WEB"},{"resourceName":"TheFirstTree_Submission.png","name":"Alin","surname":"Bordeianu","filePath":"..\/database-content\/uploads\/TheFirstTree_Submission.png","subject":"OOP"},{"resourceName":"Troll-Face-Meme-PNG.webp","name":"Giulia","surname":"Saphi","filePath":"..\/database-content\/uploads\/Troll-Face-Meme-PNG.webp","subject":"MOBILE"}]
Query result in fetch_searched_resources.php: Array
(
    [0] => Array
        (
            [resourceName] => javascript mi fa gli scherzi.jpg
            [name] => Giulia
            [surname] => Saphi
            [filePath] => ../database-content/uploads/javascript mi fa gli scherzi.jpg
            [subject] => MOBILE
        )

    [1] => Array
        (
            [resourceName] => TheFirstTree_ending.png
            [name] => Alin
            [surname] => Bordeianu
            [filePath] => ../database-content/uploads/TheFirstTree_ending.png
            [subject] => WEB
        )

    [2] => Array
        (
            [resourceName] => TheFirstTree_Submission.png
            [name] => Alin
            [surname] => Bordeianu
            [filePath] => ../database-content/uploads/TheFirstTree_Submission.png
            [subject] => OOP
        )

    [3] => Array
        (
            [resourceName] => Troll-Face-Meme-PNG.webp
            [name] => Giulia
            [surname] => Saphi
            [filePath] => ../database-content/uploads/Troll-Face-Meme-PNG.webp
            [subject] => MOBILE
        )

)

JSON format in fetch_searched_resources.php: [{"resourceName":"javascript mi fa gli scherzi.jpg","name":"Giulia","surname":"Saphi","filePath":"..\/database-content\/uploads\/javascript mi fa gli scherzi.jpg","subject":"MOBILE"},{"resourceName":"TheFirstTree_ending.png","name":"Alin","surname":"Bordeianu","filePath":"..\/database-content\/uploads\/TheFirstTree_ending.png","subject":"WEB"},{"resourceName":"TheFirstTree_Submission.png","name":"Alin","surname":"Bordeianu","filePath":"..\/database-content\/uploads\/TheFirstTree_Submission.png","subject":"OOP"},{"resourceName":"Troll-Face-Meme-PNG.webp","name":"Giulia","surname":"Saphi","filePath":"..\/database-content\/uploads\/Troll-Face-Meme-PNG.webp","subject":"MOBILE"}]
Query result in fetch_searched_resources.php: Array
(
    [0] => Array
        (
            [resourceName] => javascript mi fa gli scherzi.jpg
            [name] => Giulia
            [surname] => Saphi
            [filePath] => ../database-content/uploads/javascript mi fa gli scherzi.jpg
            [subject] => MOBILE
        )

    [1] => Array
        (
            [resourceName] => TheFirstTree_ending.png
            [name] => Alin
            [surname] => Bordeianu
            [filePath] => ../database-content/uploads/TheFirstTree_ending.png
            [subject] => WEB
        )

    [2] => Array
        (
            [resourceName] => TheFirstTree_Submission.png
            [name] => Alin
            [surname] => Bordeianu
            [filePath] => ../database-content/uploads/TheFirstTree_Submission.png
            [subject] => OOP
        )

    [3] => Array
        (
            [resourceName] => Troll-Face-Meme-PNG.webp
            [name] => Giulia
            [surname] => Saphi
            [filePath] => ../database-content/uploads/Troll-Face-Meme-PNG.webp
            [subject] => MOBILE
        )

)

JSON format in fetch_searched_resources.php: [{"resourceName":"javascript mi fa gli scherzi.jpg","name":"Giulia","surname":"Saphi","filePath":"..\/database-content\/uploads\/javascript mi fa gli scherzi.jpg","subject":"MOBILE"},{"resourceName":"TheFirstTree_ending.png","name":"Alin","surname":"Bordeianu","filePath":"..\/database-content\/uploads\/TheFirstTree_ending.png","subject":"WEB"},{"resourceName":"TheFirstTree_Submission.png","name":"Alin","surname":"Bordeianu","filePath":"..\/database-content\/uploads\/TheFirstTree_Submission.png","subject":"OOP"},{"resourceName":"Troll-Face-Meme-PNG.webp","name":"Giulia","surname":"Saphi","filePath":"..\/database-content\/uploads\/Troll-Face-Meme-PNG.webp","subject":"MOBILE"}]
File type: image/png
Query result in fetch_searched_resources.php: Array
(
    [0] => Array
        (
            [resourceName] => javascript mi fa gli scherzi.jpg
            [name] => Giulia
            [surname] => Saphi
            [filePath] => ../database-content/uploads/javascript mi fa gli scherzi.jpg
            [subject] => MOBILE
        )

    [1] => Array
        (
            [resourceName] => Modulo_1_-_Formazione_Generale_Sicurezza_e_Salute_
            [name] => Alin
            [surname] => Bordeianu
            [filePath] => ../database-content/uploads/Modulo_1_-_Formazione_Generale_Sicurezza_e_Salute__10_ott_2021_a8e89505.png
            [subject] => IOT
        )

    [2] => Array
        (
            [resourceName] => TheFirstTree_ending.png
            [name] => Alin
            [surname] => Bordeianu
            [filePath] => ../database-content/uploads/TheFirstTree_ending.png
            [subject] => WEB
        )

    [3] => Array
        (
            [resourceName] => TheFirstTree_Submission.png
            [name] => Alin
            [surname] => Bordeianu
            [filePath] => ../database-content/uploads/TheFirstTree_Submission.png
            [subject] => OOP
        )

    [4] => Array
        (
            [resourceName] => Troll-Face-Meme-PNG.webp
            [name] => Giulia
            [surname] => Saphi
            [filePath] => ../database-content/uploads/Troll-Face-Meme-PNG.webp
            [subject] => MOBILE
        )

)

JSON format in fetch_searched_resources.php: [{"resourceName":"javascript mi fa gli scherzi.jpg","name":"Giulia","surname":"Saphi","filePath":"..\/database-content\/uploads\/javascript mi fa gli scherzi.jpg","subject":"MOBILE"},{"resourceName":"Modulo_1_-_Formazione_Generale_Sicurezza_e_Salute_","name":"Alin","surname":"Bordeianu","filePath":"..\/database-content\/uploads\/Modulo_1_-_Formazione_Generale_Sicurezza_e_Salute__10_ott_2021_a8e89505.png","subject":"IOT"},{"resourceName":"TheFirstTree_ending.png","name":"Alin","surname":"Bordeianu","filePath":"..\/database-content\/uploads\/TheFirstTree_ending.png","subject":"WEB"},{"resourceName":"TheFirstTree_Submission.png","name":"Alin","surname":"Bordeianu","filePath":"..\/database-content\/uploads\/TheFirstTree_Submission.png","subject":"OOP"},{"resourceName":"Troll-Face-Meme-PNG.webp","name":"Giulia","surname":"Saphi","filePath":"..\/database-content\/uploads\/Troll-Face-Meme-PNG.webp","subject":"MOBILE"}]
Query result in fetch_searched_resources.php: Array
(
    [0] => Array
        (
            [resourceName] => javascript mi fa gli scherzi.jpg
            [name] => Giulia
            [surname] => Saphi
            [filePath] => ../database-content/uploads/javascript mi fa gli scherzi.jpg
            [subject] => MOBILE
        )

    [1] => Array
        (
            [resourceName] => Modulo_1_-_Formazione_Generale_Sicurezza_e_Salute_
            [name] => Alin
            [surname] => Bordeianu
            [filePath] => ../database-content/uploads/Modulo_1_-_Formazione_Generale_Sicurezza_e_Salute__10_ott_2021_a8e89505.png
            [subject] => IOT
        )

    [2] => Array
        (
            [resourceName] => TheFirstTree_ending.png
            [name] => Alin
            [surname] => Bordeianu
            [filePath] => ../database-content/uploads/TheFirstTree_ending.png
            [subject] => WEB
        )

    [3] => Array
        (
            [resourceName] => TheFirstTree_Submission.png
            [name] => Alin
            [surname] => Bordeianu
            [filePath] => ../database-content/uploads/TheFirstTree_Submission.png
            [subject] => OOP
        )

    [4] => Array
        (
            [resourceName] => Troll-Face-Meme-PNG.webp
            [name] => Giulia
            [surname] => Saphi
            [filePath] => ../database-content/uploads/Troll-Face-Meme-PNG.webp
            [subject] => MOBILE
        )

)

JSON format in fetch_searched_resources.php: [{"resourceName":"javascript mi fa gli scherzi.jpg","name":"Giulia","surname":"Saphi","filePath":"..\/database-content\/uploads\/javascript mi fa gli scherzi.jpg","subject":"MOBILE"},{"resourceName":"Modulo_1_-_Formazione_Generale_Sicurezza_e_Salute_","name":"Alin","surname":"Bordeianu","filePath":"..\/database-content\/uploads\/Modulo_1_-_Formazione_Generale_Sicurezza_e_Salute__10_ott_2021_a8e89505.png","subject":"IOT"},{"resourceName":"TheFirstTree_ending.png","name":"Alin","surname":"Bordeianu","filePath":"..\/database-content\/uploads\/TheFirstTree_ending.png","subject":"WEB"},{"resourceName":"TheFirstTree_Submission.png","name":"Alin","surname":"Bordeianu","filePath":"..\/database-content\/uploads\/TheFirstTree_Submission.png","subject":"OOP"},{"resourceName":"Troll-Face-Meme-PNG.webp","name":"Giulia","surname":"Saphi","filePath":"..\/database-content\/uploads\/Troll-Face-Meme-PNG.webp","subject":"MOBILE"}]
Query result in fetch_searched_resources.php: Array
(
    [0] => Array
        (
            [resourceName] => javascript mi fa gli scherzi.jpg
            [name] => Giulia
            [surname] => Saphi
            [filePath] => ../database-content/uploads/javascript mi fa gli scherzi.jpg
            [subject] => MOBILE
        )

    [1] => Array
        (
            [resourceName] => Modulo_1_-_Formazione_Generale_Sicurezza_e_Salute_
            [name] => Alin
            [surname] => Bordeianu
            [filePath] => ../database-content/uploads/Modulo_1_-_Formazione_Generale_Sicurezza_e_Salute__10_ott_2021_a8e89505.png
            [subject] => IOT
        )

    [2] => Array
        (
            [resourceName] => TheFirstTree_ending.png
            [name] => Alin
            [surname] => Bordeianu
            [filePath] => ../database-content/uploads/TheFirstTree_ending.png
            [subject] => WEB
        )

    [3] => Array
        (
            [resourceName] => TheFirstTree_Submission.png
            [name] => Alin
            [surname] => Bordeianu
            [filePath] => ../database-content/uploads/TheFirstTree_Submission.png
            [subject] => OOP
        )

    [4] => Array
        (
            [resourceName] => Troll-Face-Meme-PNG.webp
            [name] => Giulia
            [surname] => Saphi
            [filePath] => ../database-content/uploads/Troll-Face-Meme-PNG.webp
            [subject] => MOBILE
        )

)

JSON format in fetch_searched_resources.php: [{"resourceName":"javascript mi fa gli scherzi.jpg","name":"Giulia","surname":"Saphi","filePath":"..\/database-content\/uploads\/javascript mi fa gli scherzi.jpg","subject":"MOBILE"},{"resourceName":"Modulo_1_-_Formazione_Generale_Sicurezza_e_Salute_","name":"Alin","surname":"Bordeianu","filePath":"..\/database-content\/uploads\/Modulo_1_-_Formazione_Generale_Sicurezza_e_Salute__10_ott_2021_a8e89505.png","subject":"IOT"},{"resourceName":"TheFirstTree_ending.png","name":"Alin","surname":"Bordeianu","filePath":"..\/database-content\/uploads\/TheFirstTree_ending.png","subject":"WEB"},{"resourceName":"TheFirstTree_Submission.png","name":"Alin","surname":"Bordeianu","filePath":"..\/database-content\/uploads\/TheFirstTree_Submission.png","subject":"OOP"},{"resourceName":"Troll-Face-Meme-PNG.webp","name":"Giulia","surname":"Saphi","filePath":"..\/database-content\/uploads\/Troll-Face-Meme-PNG.webp","subject":"MOBILE"}]
Query result in fetch_searched_resources.php: Array
(
    [0] => Array
        (
            [resourceName] => javascript mi fa gli scherzi.jpg
            [name] => Giulia
            [surname] => Saphi
            [filePath] => ../database-content/uploads/javascript mi fa gli scherzi.jpg
            [subject] => MOBILE
        )

    [1] => Array
        (
            [resourceName] => Modulo_1_-_Formazione_Generale_Sicurezza_e_Salute_
            [name] => Alin
            [surname] => Bordeianu
            [filePath] => ../database-content/uploads/Modulo_1_-_Formazione_Generale_Sicurezza_e_Salute__10_ott_2021_a8e89505.png
            [subject] => IOT
        )

    [2] => Array
        (
            [resourceName] => TheFirstTree_ending.png
            [name] => Alin
            [surname] => Bordeianu
            [filePath] => ../database-content/uploads/TheFirstTree_ending.png
            [subject] => WEB
        )

    [3] => Array
        (
            [resourceName] => TheFirstTree_Submission.png
            [name] => Alin
            [surname] => Bordeianu
            [filePath] => ../database-content/uploads/TheFirstTree_Submission.png
            [subject] => OOP
        )

    [4] => Array
        (
            [resourceName] => Troll-Face-Meme-PNG.webp
            [name] => Giulia
            [surname] => Saphi
            [filePath] => ../database-content/uploads/Troll-Face-Meme-PNG.webp
            [subject] => MOBILE
        )

)

JSON format in fetch_searched_resources.php: [{"resourceName":"javascript mi fa gli scherzi.jpg","name":"Giulia","surname":"Saphi","filePath":"..\/database-content\/uploads\/javascript mi fa gli scherzi.jpg","subject":"MOBILE"},{"resourceName":"Modulo_1_-_Formazione_Generale_Sicurezza_e_Salute_","name":"Alin","surname":"Bordeianu","filePath":"..\/database-content\/uploads\/Modulo_1_-_Formazione_Generale_Sicurezza_e_Salute__10_ott_2021_a8e89505.png","subject":"IOT"},{"resourceName":"TheFirstTree_ending.png","name":"Alin","surname":"Bordeianu","filePath":"..\/database-content\/uploads\/TheFirstTree_ending.png","subject":"WEB"},{"resourceName":"TheFirstTree_Submission.png","name":"Alin","surname":"Bordeianu","filePath":"..\/database-content\/uploads\/TheFirstTree_Submission.png","subject":"OOP"},{"resourceName":"Troll-Face-Meme-PNG.webp","name":"Giulia","surname":"Saphi","filePath":"..\/database-content\/uploads\/Troll-Face-Meme-PNG.webp","subject":"MOBILE"}]
Query result in fetch_searched_resources.php: Array
(
    [0] => Array
        (
            [resourceName] => javascript mi fa gli scherzi.jpg
            [name] => Giulia
            [surname] => Saphi
            [filePath] => ../database-content/uploads/javascript mi fa gli scherzi.jpg
            [subject] => MOBILE
        )

    [1] => Array
        (
            [resourceName] => Modulo_1_-_Formazione_Generale_Sicurezza_e_Salute_
            [name] => Alin
            [surname] => Bordeianu
            [filePath] => ../database-content/uploads/Modulo_1_-_Formazione_Generale_Sicurezza_e_Salute__10_ott_2021_a8e89505.png
            [subject] => IOT
        )

    [2] => Array
        (
            [resourceName] => TheFirstTree_ending.png
            [name] => Alin
            [surname] => Bordeianu
            [filePath] => ../database-content/uploads/TheFirstTree_ending.png
            [subject] => WEB
        )

    [3] => Array
        (
            [resourceName] => TheFirstTree_Submission.png
            [name] => Alin
            [surname] => Bordeianu
            [filePath] => ../database-content/uploads/TheFirstTree_Submission.png
            [subject] => OOP
        )

    [4] => Array
        (
            [resourceName] => Troll-Face-Meme-PNG.webp
            [name] => Giulia
            [surname] => Saphi
            [filePath] => ../database-content/uploads/Troll-Face-Meme-PNG.webp
            [subject] => MOBILE
        )

)

JSON format in fetch_searched_resources.php: [{"resourceName":"javascript mi fa gli scherzi.jpg","name":"Giulia","surname":"Saphi","filePath":"..\/database-content\/uploads\/javascript mi fa gli scherzi.jpg","subject":"MOBILE"},{"resourceName":"Modulo_1_-_Formazione_Generale_Sicurezza_e_Salute_","name":"Alin","surname":"Bordeianu","filePath":"..\/database-content\/uploads\/Modulo_1_-_Formazione_Generale_Sicurezza_e_Salute__10_ott_2021_a8e89505.png","subject":"IOT"},{"resourceName":"TheFirstTree_ending.png","name":"Alin","surname":"Bordeianu","filePath":"..\/database-content\/uploads\/TheFirstTree_ending.png","subject":"WEB"},{"resourceName":"TheFirstTree_Submission.png","name":"Alin","surname":"Bordeianu","filePath":"..\/database-content\/uploads\/TheFirstTree_Submission.png","subject":"OOP"},{"resourceName":"Troll-Face-Meme-PNG.webp","name":"Giulia","surname":"Saphi","filePath":"..\/database-content\/uploads\/Troll-Face-Meme-PNG.webp","subject":"MOBILE"}]
Query result in fetch_searched_resources.php: Array
(
    [0] => Array
        (
            [resourceName] => javascript mi fa gli scherzi.jpg
            [name] => Giulia
            [surname] => Saphi
            [filePath] => ../database-content/uploads/javascript mi fa gli scherzi.jpg
            [subject] => MOBILE
        )

    [1] => Array
        (
            [resourceName] => Modulo_1_-_Formazione_Generale_Sicurezza_e_Salute_
            [name] => Alin
            [surname] => Bordeianu
            [filePath] => ../database-content/uploads/Modulo_1_-_Formazione_Generale_Sicurezza_e_Salute__10_ott_2021_a8e89505.png
            [subject] => IOT
        )

    [2] => Array
        (
            [resourceName] => TheFirstTree_ending.png
            [name] => Alin
            [surname] => Bordeianu
            [filePath] => ../database-content/uploads/TheFirstTree_ending.png
            [subject] => WEB
        )

    [3] => Array
        (
            [resourceName] => TheFirstTree_Submission.png
            [name] => Alin
            [surname] => Bordeianu
            [filePath] => ../database-content/uploads/TheFirstTree_Submission.png
            [subject] => OOP
        )

    [4] => Array
        (
            [resourceName] => Troll-Face-Meme-PNG.webp
            [name] => Giulia
            [surname] => Saphi
            [filePath] => ../database-content/uploads/Troll-Face-Meme-PNG.webp
            [subject] => MOBILE
        )

)

JSON format in fetch_searched_resources.php: [{"resourceName":"javascript mi fa gli scherzi.jpg","name":"Giulia","surname":"Saphi","filePath":"..\/database-content\/uploads\/javascript mi fa gli scherzi.jpg","subject":"MOBILE"},{"resourceName":"Modulo_1_-_Formazione_Generale_Sicurezza_e_Salute_","name":"Alin","surname":"Bordeianu","filePath":"..\/database-content\/uploads\/Modulo_1_-_Formazione_Generale_Sicurezza_e_Salute__10_ott_2021_a8e89505.png","subject":"IOT"},{"resourceName":"TheFirstTree_ending.png","name":"Alin","surname":"Bordeianu","filePath":"..\/database-content\/uploads\/TheFirstTree_ending.png","subject":"WEB"},{"resourceName":"TheFirstTree_Submission.png","name":"Alin","surname":"Bordeianu","filePath":"..\/database-content\/uploads\/TheFirstTree_Submission.png","subject":"OOP"},{"resourceName":"Troll-Face-Meme-PNG.webp","name":"Giulia","surname":"Saphi","filePath":"..\/database-content\/uploads\/Troll-Face-Meme-PNG.webp","subject":"MOBILE"}]
File type: image/jpeg
File type: image/jpeg
File type: image/jpeg
File type: image/jpeg
File type: image/jpeg
File type: image/jpeg
File type: text/html
File type: image/png
File type: image/jpeg
Query result in fetch_searched_resources.php: Array
(
    [0] => Array
        (
            [resourceName] => anvil and hammer.jpg
            [name] => Alin
            [surname] => Bordeianu
            [filePath] => ../database-content/uploads/anvil and hammer.jpg
            [subject] => WEB
        )

    [1] => Array
        (
            [resourceName] => Banner-1200x375.jpg
            [name] => Alin
            [surname] => Bordeianu
            [filePath] => ../database-content/uploads/Banner-1200x375.jpg
            [subject] => WEB
        )

    [2] => Array
        (
            [resourceName] => codice.jpg
            [name] => Alin
            [surname] => Bordeianu
            [filePath] => ../database-content/uploads/codice.jpg
            [subject] => WEB
        )

    [3] => Array
        (
            [resourceName] => data valida infame.jpg
            [name] => Alin
            [surname] => Bordeianu
            [filePath] => ../database-content/uploads/data valida infame.jpg
            [subject] => WEB
        )

    [4] => Array
        (
            [resourceName] => javascript mi fa gli scherzi.jpg
            [name] => Giulia
            [surname] => Saphi
            [filePath] => ../database-content/uploads/javascript mi fa gli scherzi.jpg
            [subject] => MOBILE
        )

    [5] => Array
        (
            [resourceName] => Meme su Make.jpg
            [name] => Alin
            [surname] => Bordeianu
            [filePath] => ../database-content/uploads/Meme su Make.jpg
            [subject] => WEB
        )

    [6] => Array
        (
            [resourceName] => Modulo_1_-_Formazione_Generale_Sicurezza_e_Salute_
            [name] => Alin
            [surname] => Bordeianu
            [filePath] => ../database-content/uploads/Modulo_1_-_Formazione_Generale_Sicurezza_e_Salute__10_ott_2021_a8e89505.png
            [subject] => IOT
        )

    [7] => Array
        (
            [resourceName] => Monster Hunter Banner.jpg
            [name] => Alin
            [surname] => Bordeianu
            [filePath] => ../database-content/uploads/Monster Hunter Banner.jpg
            [subject] => WEB
        )

    [8] => Array
        (
            [resourceName] => ProductionPlan - Editor progetto - Apps Script.htm
            [name] => Alin
            [surname] => Bordeianu
            [filePath] => ../database-content/uploads/ProductionPlan - Editor progetto - Apps Script.html
            [subject] => WEB
        )

    [9] => Array
        (
            [resourceName] => Screenshot (98).png
            [name] => Alin
            [surname] => Bordeianu
            [filePath] => ../database-content/uploads/Screenshot (98).png
            [subject] => WEB
        )

    [10] => Array
        (
            [resourceName] => sfondo matematico.jpg
            [name] => Alin
            [surname] => Bordeianu
            [filePath] => ../database-content/uploads/sfondo matematico.jpg
            [subject] => WEB
        )

    [11] => Array
        (
            [resourceName] => TheFirstTree_ending.png
            [name] => Alin
            [surname] => Bordeianu
            [filePath] => ../database-content/uploads/TheFirstTree_ending.png
            [subject] => WEB
        )

    [12] => Array
        (
            [resourceName] => TheFirstTree_Submission.png
            [name] => Alin
            [surname] => Bordeianu
            [filePath] => ../database-content/uploads/TheFirstTree_Submission.png
            [subject] => OOP
        )

    [13] => Array
        (
            [resourceName] => Troll-Face-Meme-PNG.webp
            [name] => Giulia
            [surname] => Saphi
            [filePath] => ../database-content/uploads/Troll-Face-Meme-PNG.webp
            [subject] => MOBILE
        )

)

JSON format in fetch_searched_resources.php: [{"resourceName":"anvil and hammer.jpg","name":"Alin","surname":"Bordeianu","filePath":"..\/database-content\/uploads\/anvil and hammer.jpg","subject":"WEB"},{"resourceName":"Banner-1200x375.jpg","name":"Alin","surname":"Bordeianu","filePath":"..\/database-content\/uploads\/Banner-1200x375.jpg","subject":"WEB"},{"resourceName":"codice.jpg","name":"Alin","surname":"Bordeianu","filePath":"..\/database-content\/uploads\/codice.jpg","subject":"WEB"},{"resourceName":"data valida infame.jpg","name":"Alin","surname":"Bordeianu","filePath":"..\/database-content\/uploads\/data valida infame.jpg","subject":"WEB"},{"resourceName":"javascript mi fa gli scherzi.jpg","name":"Giulia","surname":"Saphi","filePath":"..\/database-content\/uploads\/javascript mi fa gli scherzi.jpg","subject":"MOBILE"},{"resourceName":"Meme su Make.jpg","name":"Alin","surname":"Bordeianu","filePath":"..\/database-content\/uploads\/Meme su Make.jpg","subject":"WEB"},{"resourceName":"Modulo_1_-_Formazione_Generale_Sicurezza_e_Salute_","name":"Alin","surname":"Bordeianu","filePath":"..\/database-content\/uploads\/Modulo_1_-_Formazione_Generale_Sicurezza_e_Salute__10_ott_2021_a8e89505.png","subject":"IOT"},{"resourceName":"Monster Hunter Banner.jpg","name":"Alin","surname":"Bordeianu","filePath":"..\/database-content\/uploads\/Monster Hunter Banner.jpg","subject":"WEB"},{"resourceName":"ProductionPlan - Editor progetto - Apps Script.htm","name":"Alin","surname":"Bordeianu","filePath":"..\/database-content\/uploads\/ProductionPlan - Editor progetto - Apps Script.html","subject":"WEB"},{"resourceName":"Screenshot (98).png","name":"Alin","surname":"Bordeianu","filePath":"..\/database-content\/uploads\/Screenshot (98).png","subject":"WEB"},{"resourceName":"sfondo matematico.jpg","name":"Alin","surname":"Bordeianu","filePath":"..\/database-content\/uploads\/sfondo matematico.jpg","subject":"WEB"},{"resourceName":"TheFirstTree_ending.png","name":"Alin","surname":"Bordeianu","filePath":"..\/database-content\/uploads\/TheFirstTree_ending.png","subject":"WEB"},{"resourceName":"TheFirstTree_Submission.png","name":"Alin","surname":"Bordeianu","filePath":"..\/database-content\/uploads\/TheFirstTree_Submission.png","subject":"OOP"},{"resourceName":"Troll-Face-Meme-PNG.webp","name":"Giulia","surname":"Saphi","filePath":"..\/database-content\/uploads\/Troll-Face-Meme-PNG.webp","subject":"MOBILE"}]
Query result in fetch_searched_resources.php: 
JSON format in fetch_searched_resources.php: null
Query result in fetch_searched_resources.php: 
JSON format in fetch_searched_resources.php: null
Query result in fetch_searched_resources.php: 
JSON format in fetch_searched_resources.php: null
File type: application/pdf
Query result in fetch_searched_resources.php: Array
(
    [0] => Array
        (
            [resourceName] => CompitoBD_Lug22_sol.pdf
            [name] => alin
            [surname] => bord
            [filePath] => ../database-content/uploads/CompitoBD_Lug22_sol.pdf
            [subject] => WEB
        )

)

JSON format in fetch_searched_resources.php: [{"resourceName":"CompitoBD_Lug22_sol.pdf","name":"alin","surname":"bord","filePath":"..\/database-content\/uploads\/CompitoBD_Lug22_sol.pdf","subject":"WEB"}]
Query result in fetch_searched_resources.php: 
JSON format in fetch_searched_resources.php: null
Query result in fetch_searched_resources.php: 
JSON format in fetch_searched_resources.php: null
