Content of $_POST: Array
(
    [postTitle] => Vedo se esplode
    [postDescription] => greg
    [availabilityDate] => Array
        (
            [0] => 2024-06-06
            [1] => 2024-06-06
        )

    [startTime] => Array
        (
            [0] => 08:18
            [1] => 08:18
        )

    [endTime] => Array
        (
            [0] => 08:18
            [1] => 08:18
        )

    [postLocation] => asfdasf
    [locationStreet] => fds
    [streetNumber] => 5
    [locationCity] => Cesena
    [locationPostalCode] => 24
    [meeting-type] => study-meeting
    [subject] => WEB
)

Subject UUID: 85e60c11-2379-11ef-9d56-c465161dfbab
Location identifier: 984a3224-237d-11ef-9d56-c465161dfbab
85e60c11-2379-11ef-9d56-c465161dfbab
85e60c11-2379-11ef-9d56-c465161dfbab
Operation completed!Content of $_POST: Array
(
    [postTitle] => Post di Alessio
    [postDescription] => 5q2y
    [availabilityDate] => Array
        (
            [0] => 0646-04-06
        )

    [startTime] => Array
        (
            [0] => 05:44
        )

    [endTime] => Array
        (
            [0] => 08:07
        )

    [postLocation] => asfdasf
    [locationStreet] => qerw
    [streetNumber] => 87
    [locationCity] => qa
    [locationPostalCode] => 9
    [meeting-type] => hangout
)

Subject UUID: 
Location identifier: 984a3224-237d-11ef-9d56-c465161dfbab

Operation completed!Content of $_POST: Array
(
    [postTitle] => Post di Lucrezia
    [postDescription] => qewe
    [availabilityDate] => Array
        (
            [0] => 2024-06-06
        )

    [startTime] => Array
        (
            [0] => 09:03
        )

    [endTime] => Array
        (
            [0] => 09:03
        )

    [postLocation] => fdjg
    [locationStreet] => edyj
    [streetNumber] => 87
    [locationCity] => wst
    [locationPostalCode] => 33
    [meeting-type] => study-meeting
    [subject] => IOT
)

Subject UUID: 85f7619d-2379-11ef-9d56-c465161dfbab
Location identifier: f3a14b81-23d2-11ef-a398-c465161dfbab
85f7619d-2379-11ef-9d56-c465161dfbab
Operation completed!